[www.xditya.me/index.html]
[kit.fontawesome.com/a81368914c.js]
[backblue.gif]
[fade.gif]
[index.html]
[www.xditya.me/src/style.css]
[pagead2.googlesyndication.com/pagead/js/f611f.txt]
[www.xditya.me/imgs/logo.svg]
[cdn.jsdelivr.net/particles.js/2.0.0/particles.min.js]
[www.xditya.me/imgs/logo.jpg]
[www.xditya.me/status/index.html]
[storage.ko-fi.com/cdn/scripts/overlay-widget.js]
[cdn.jsdelivr.net/gh/tuhinpal/contact-form@master/src/contact-form.min.js]
[www.xditya.me/index.html]
[www.xditya.me/src/style.css]
[www.xditya.me/imgs/logo.svg]
[www.xditya.me/yt/index.html]
[www.xditya.me/github/index.html]
[www.xditya.me/src/app.js]
[www.xditya.me/index.css]
[www.xditya.me/src/index.js]
[www.xditya.me/status/$url.10.delayed]
[www.xditya.me/status/index.html]
[www.xditya.me/tg/index.html]
[www.xditya.me/bots/index.html]
[www.xditya.me/index.css]
[www.xditya.me/status/$url.html]
[telegram.org/js/telegram-widgetaab3.js]
